<?xml version="1.0" encoding="UTF-8"?>
<!-- Generated by org.testng.reporters.JUnitXMLReporter -->
<testsuite hostname="Dush" ignored="10" name="loginValidation_SmokeTest" tests="7" failures="0" timestamp="2022-10-26T15:40:23 IST" time="13.696" errors="0">
  <testcase name="@BeforeMethod setup" time="5.433" classname="com.myStore.testCases.SearchResultPageTest">
    <failure type="java.lang.Exception" message="Unsupported browser: chrome">
      <![CDATA[java.lang.Exception: Unsupported browser: chrome
at com.myStore.base.BaseClass.launchApp(BaseClass.java:75)
at com.myStore.testCases.SearchResultPageTest.setup(SearchResultPageTest.java:29)
at java.util.ArrayList.forEach(ArrayList.java:1249)
... Removed 32 stack frames]]>
    </failure>
  </testcase> <!-- @BeforeMethod setup -->
  <testcase name="@AfterMethod close" time="-1.666779015425E9" classname="com.myStore.testCases.SearchResultPageTest">
    <skipped/>
  </testcase> <!-- @AfterMethod close -->
  <testcase name="@BeforeMethod setup" time="2.517" classname="com.myStore.testCases.HomePageTest">
    <failure type="java.lang.Exception" message="Unsupported browser: chrome">
      <![CDATA[java.lang.Exception: Unsupported browser: chrome
at com.myStore.base.BaseClass.launchApp(BaseClass.java:75)
at com.myStore.testCases.HomePageTest.setup(HomePageTest.java:25)
at java.util.ArrayList.forEach(ArrayList.java:1249)
... Removed 32 stack frames]]>
    </failure>
  </testcase> <!-- @BeforeMethod setup -->
  <testcase name="@AfterMethod close" time="-1.666779017957E9" classname="com.myStore.testCases.HomePageTest">
    <skipped/>
  </testcase> <!-- @AfterMethod close -->
  <testcase name="@BeforeMethod setup" time="-1.666779017959E9" classname="com.myStore.testCases.HomePageTest">
    <skipped/>
  </testcase> <!-- @BeforeMethod setup -->
  <testcase name="@AfterMethod close" time="-1.666779017965E9" classname="com.myStore.testCases.HomePageTest">
    <skipped/>
  </testcase> <!-- @AfterMethod close -->
  <testcase name="@BeforeMethod loginTestCase" time="3.308" classname="com.myStore.testCases.LoginPageTest">
    <failure type="java.lang.Exception" message="Unsupported browser: chrome">
      <![CDATA[java.lang.Exception: Unsupported browser: chrome
at com.myStore.base.BaseClass.launchApp(BaseClass.java:75)
at com.myStore.testCases.LoginPageTest.loginTestCase(LoginPageTest.java:28)
at java.util.ArrayList.forEach(ArrayList.java:1249)
... Removed 32 stack frames]]>
    </failure>
  </testcase> <!-- @BeforeMethod loginTestCase -->
  <testcase name="@AfterMethod close" time="-1.66677902128E9" classname="com.myStore.testCases.LoginPageTest">
    <skipped/>
  </testcase> <!-- @AfterMethod close -->
  <testcase name="@BeforeMethod setup" time="0.001" classname="com.myStore.testCases.AddToCartPageTest">
    <failure type="java.lang.Exception" message="Unsupported browser: browser">
      <![CDATA[java.lang.Exception: Unsupported browser: browser
at com.myStore.base.BaseClass.launchApp(BaseClass.java:75)
at com.myStore.testCases.AddToCartPageTest.setup(AddToCartPageTest.java:25)
at java.util.ArrayList.forEach(ArrayList.java:1249)
... Removed 32 stack frames]]>
    </failure>
  </testcase> <!-- @BeforeMethod setup -->
  <testcase name="@AfterMethod close" time="-1.666779021292E9" classname="com.myStore.testCases.AddToCartPageTest">
    <skipped/>
  </testcase> <!-- @AfterMethod close -->
  <testcase name="@BeforeMethod setup" time="2.327" classname="com.myStore.testCases.IndexPageTest">
    <failure type="java.lang.Exception" message="Unsupported browser: chrome">
      <![CDATA[java.lang.Exception: Unsupported browser: chrome
at com.myStore.base.BaseClass.launchApp(BaseClass.java:75)
at com.myStore.testCases.IndexPageTest.setup(IndexPageTest.java:20)
at java.util.ArrayList.forEach(ArrayList.java:1249)
... Removed 32 stack frames]]>
    </failure>
  </testcase> <!-- @BeforeMethod setup -->
  <testcase name="@AfterMethod close" time="-1.666779023625E9" classname="com.myStore.testCases.IndexPageTest">
    <skipped/>
  </testcase> <!-- @AfterMethod close -->
  <testcase name="@BeforeMethod setup" time="-1.666779023627E9" classname="com.myStore.testCases.IndexPageTest">
    <skipped/>
  </testcase> <!-- @BeforeMethod setup -->
  <testcase name="@AfterMethod close" time="-1.66677902363E9" classname="com.myStore.testCases.IndexPageTest">
    <skipped/>
  </testcase> <!-- @AfterMethod close -->
  <testcase name="validateProductDisplayed" time="0.0" classname="com.myStore.testCases.SearchResultPageTest">
    <skipped/>
  </testcase> <!-- validateProductDisplayed -->
  <testcase name="validateOrdersHistoryTest" time="0.0" classname="com.myStore.testCases.HomePageTest">
    <skipped/>
  </testcase> <!-- validateOrdersHistoryTest -->
  <testcase name="wishListTest" time="0.0" classname="com.myStore.testCases.HomePageTest">
    <skipped/>
  </testcase> <!-- wishListTest -->
  <testcase name="loginTest" time="0.0" classname="com.myStore.testCases.LoginPageTest">
    <skipped/>
  </testcase> <!-- loginTest -->
  <testcase name="addToCartTest" time="0.0" classname="com.myStore.testCases.AddToCartPageTest">
    <skipped/>
  </testcase> <!-- addToCartTest -->
  <testcase name="verifyLogo" time="0.0" classname="com.myStore.testCases.IndexPageTest">
    <skipped/>
  </testcase> <!-- verifyLogo -->
  <testcase name="verifyTitle" time="0.0" classname="com.myStore.testCases.IndexPageTest">
    <skipped/>
  </testcase> <!-- verifyTitle -->
  <testcase name="addToCartTest" time="0.0" classname="com.myStore.testCases.EndToEndTest">
    <ignored/>
  </testcase> <!-- addToCartTest -->
  <testcase name="@BeforeSuite beforeSuite" time="0.0" classname="com.myStore.base.BaseClass">
    <ignored/>
  </testcase> <!-- @BeforeSuite beforeSuite -->
  <testcase name="@BeforeSuite beforeSuite" time="0.0" classname="com.myStore.base.BaseClass">
    <ignored/>
  </testcase> <!-- @BeforeSuite beforeSuite -->
  <testcase name="@BeforeSuite beforeSuite" time="0.0" classname="com.myStore.base.BaseClass">
    <ignored/>
  </testcase> <!-- @BeforeSuite beforeSuite -->
  <testcase name="@BeforeSuite beforeSuite" time="0.0" classname="com.myStore.base.BaseClass">
    <ignored/>
  </testcase> <!-- @BeforeSuite beforeSuite -->
  <testcase name="@BeforeSuite beforeSuite" time="0.0" classname="com.myStore.base.BaseClass">
    <ignored/>
  </testcase> <!-- @BeforeSuite beforeSuite -->
  <testcase name="@BeforeSuite beforeSuite" time="0.0" classname="com.myStore.base.BaseClass">
    <ignored/>
  </testcase> <!-- @BeforeSuite beforeSuite -->
  <testcase name="@BeforeSuite beforeSuite" time="0.0" classname="com.myStore.base.BaseClass">
    <ignored/>
  </testcase> <!-- @BeforeSuite beforeSuite -->
  <testcase name="verifyAccountCreationPage" time="0.0" classname="com.myStore.testCases.AccountCreationPageTest">
    <ignored/>
  </testcase> <!-- verifyAccountCreationPage -->
  <testcase name="addToCartTest" time="0.0" classname="com.myStore.testCases.OrderPageTest">
    <ignored/>
  </testcase> <!-- addToCartTest -->
</testsuite> <!-- loginValidation_SmokeTest -->
