<?xml version="1.0" encoding="UTF-8"?>
<!-- Generated by org.testng.reporters.JUnitXMLReporter -->
<testsuite hostname="Dush" ignored="0" name="firefoxTest" tests="1" failures="0" timestamp="2022-10-26T12:10:12 IST" time="0.024" errors="0">
  <testcase name="@BeforeMethod setup" time="-1.666766412958E9" classname="com.myStore.testCases.EndToEndTest">
    <failure type="org.testng.TestNGException" message="
Parameter &amp;apos;browser&amp;apos; is required by BeforeMethod on method setup but has not been marked @Optional or defined
in /Users/umesh/Documents/automation/testngxmls/EndToEnd_crossBrowser.xml">
      <![CDATA[org.testng.TestNGException: 
Parameter 'browser' is required by BeforeMethod on method setup but has not been marked @Optional or defined
in /Users/umesh/Documents/automation/testngxmls/EndToEnd_crossBrowser.xml
at java.util.ArrayList.forEach(ArrayList.java:1249)
... Removed 29 stack frames]]>
    </failure>
  </testcase> <!-- @BeforeMethod setup -->
  <testcase name="@AfterMethod close" time="-1.666766412977E9" classname="com.myStore.testCases.EndToEndTest">
    <skipped/>
  </testcase> <!-- @AfterMethod close -->
  <testcase name="addToCartTest" time="0.0" classname="com.myStore.testCases.EndToEndTest">
    <skipped/>
  </testcase> <!-- addToCartTest -->
</testsuite> <!-- firefoxTest -->
